<?xml version="1.0" encoding="UTF-8"?>
<testng-results skipped="0" failed="0" ignored="0" total="1" passed="1">
  <reporter-output>
  </reporter-output>
  <suite name="Test" duration-ms="85001" started-at="2020-07-11T13:47:05Z" finished-at="2020-07-11T13:48:30Z">
    <groups>
    </groups>
    <test name="Test" duration-ms="85001" started-at="2020-07-11T13:47:05Z" finished-at="2020-07-11T13:48:30Z">
      <class name="org.testing.TestCases.Login">
        <test-method status="PASS" signature="BrowserLaunchAndPropertiesLoad()[pri:0, instance:org.testing.TestCases.Login@51efea79]" name="BrowserLaunchAndPropertiesLoad" is-config="true" duration-ms="32632" started-at="2020-07-11T19:17:06Z" finished-at="2020-07-11T19:17:38Z">
          <reporter-output>
          </reporter-output>
        </test-method> <!-- BrowserLaunchAndPropertiesLoad -->
        <test-method status="PASS" signature="LoginFunctionality()[pri:0, instance:org.testing.TestCases.Login@51efea79]" name="LoginFunctionality" duration-ms="40178" started-at="2020-07-11T19:17:38Z" finished-at="2020-07-11T19:18:18Z">
          <reporter-output>
          </reporter-output>
        </test-method> <!-- LoginFunctionality -->
        <test-method status="PASS" signature="CloseMethod()[pri:0, instance:org.testing.TestCases.Login@51efea79]" name="CloseMethod" is-config="true" duration-ms="12145" started-at="2020-07-11T19:18:18Z" finished-at="2020-07-11T19:18:30Z">
          <reporter-output>
          </reporter-output>
        </test-method> <!-- CloseMethod -->
      </class> <!-- org.testing.TestCases.Login -->
    </test> <!-- Test -->
  </suite> <!-- Test -->
</testng-results>
